-- Install configuration: ""
-- Up-to-date: /home/itachi/ws/r6bot/install/r6bot_description/share/r6bot_description//meshes
-- Up-to-date: /home/itachi/ws/r6bot/install/r6bot_description/share/r6bot_description//meshes/visual
-- Up-to-date: /home/itachi/ws/r6bot/install/r6bot_description/share/r6bot_description//meshes/visual/link_3.dae
-- Up-to-date: /home/itachi/ws/r6bot/install/r6bot_description/share/r6bot_description//meshes/visual/link_5.dae
-- Up-to-date: /home/itachi/ws/r6bot/install/r6bot_description/share/r6bot_description//meshes/visual/link_4.dae
-- Up-to-date: /home/itachi/ws/r6bot/install/r6bot_description/share/r6bot_description//meshes/visual/link_1.dae
-- Up-to-date: /home/itachi/ws/r6bot/install/r6bot_description/share/r6bot_description//meshes/visual/link_2.dae
-- Up-to-date: /home/itachi/ws/r6bot/install/r6bot_description/share/r6bot_description//meshes/visual/link_0.dae
-- Up-to-date: /home/itachi/ws/r6bot/install/r6bot_description/share/r6bot_description//meshes/visual/link_6.dae
-- Up-to-date: /home/itachi/ws/r6bot/install/r6bot_description/share/r6bot_description//meshes/collision
-- Up-to-date: /home/itachi/ws/r6bot/install/r6bot_description/share/r6bot_description//meshes/collision/link_4.stl
-- Up-to-date: /home/itachi/ws/r6bot/install/r6bot_description/share/r6bot_description//meshes/collision/link_2.stl
-- Up-to-date: /home/itachi/ws/r6bot/install/r6bot_description/share/r6bot_description//meshes/collision/link_1.stl
-- Up-to-date: /home/itachi/ws/r6bot/install/r6bot_description/share/r6bot_description//meshes/collision/link_0.stl
-- Up-to-date: /home/itachi/ws/r6bot/install/r6bot_description/share/r6bot_description//meshes/collision/link_6.stl
-- Up-to-date: /home/itachi/ws/r6bot/install/r6bot_description/share/r6bot_description//meshes/collision/link_3.stl
-- Up-to-date: /home/itachi/ws/r6bot/install/r6bot_description/share/r6bot_description//meshes/collision/link_5.stl
-- Up-to-date: /home/itachi/ws/r6bot/install/r6bot_description/share/r6bot_description//rviz
-- Up-to-date: /home/itachi/ws/r6bot/install/r6bot_description/share/r6bot_description//rviz/urdf_config.rviz
-- Up-to-date: /home/itachi/ws/r6bot/install/r6bot_description/share/r6bot_description//srdf
-- Up-to-date: /home/itachi/ws/r6bot/install/r6bot_description/share/r6bot_description//srdf/r6bot.srdf
-- Up-to-date: /home/itachi/ws/r6bot/install/r6bot_description/share/r6bot_description//urdf
-- Up-to-date: /home/itachi/ws/r6bot/install/r6bot_description/share/r6bot_description//urdf/r6bot_gazebo.xacro
-- Up-to-date: /home/itachi/ws/r6bot/install/r6bot_description/share/r6bot_description//urdf/r6bot.ros2_control.xacro
-- Up-to-date: /home/itachi/ws/r6bot/install/r6bot_description/share/r6bot_description//urdf/inc
-- Up-to-date: /home/itachi/ws/r6bot/install/r6bot_description/share/r6bot_description//urdf/inc/create_link.xacro
-- Up-to-date: /home/itachi/ws/r6bot/install/r6bot_description/share/r6bot_description//urdf/r6bot_description.urdf.xacro
-- Up-to-date: /home/itachi/ws/r6bot/install/r6bot_description/share/r6bot_description//urdf/r6bot.urdf.xacro
-- Up-to-date: /home/itachi/ws/r6bot/install/r6bot_description/share/r6bot_description//launch
-- Up-to-date: /home/itachi/ws/r6bot/install/r6bot_description/share/r6bot_description//launch/display.launch.xml
-- Up-to-date: /home/itachi/ws/r6bot/install/r6bot_description/share/r6bot_description//launch/controllers.launch.xml
-- Up-to-date: /home/itachi/ws/r6bot/install/r6bot_description/share/r6bot_description//config
-- Up-to-date: /home/itachi/ws/r6bot/install/r6bot_description/share/r6bot_description//config/gazebo_bridge.yaml
-- Up-to-date: /home/itachi/ws/r6bot/install/r6bot_description/share/r6bot_description//config/r6bot_controllers.yaml
-- Up-to-date: /home/itachi/ws/r6bot/install/r6bot_description/share/ament_index/resource_index/package_run_dependencies/r6bot_description
-- Up-to-date: /home/itachi/ws/r6bot/install/r6bot_description/share/ament_index/resource_index/parent_prefix_path/r6bot_description
-- Up-to-date: /home/itachi/ws/r6bot/install/r6bot_description/share/r6bot_description/environment/ament_prefix_path.sh
-- Up-to-date: /home/itachi/ws/r6bot/install/r6bot_description/share/r6bot_description/environment/ament_prefix_path.dsv
-- Up-to-date: /home/itachi/ws/r6bot/install/r6bot_description/share/r6bot_description/environment/path.sh
-- Up-to-date: /home/itachi/ws/r6bot/install/r6bot_description/share/r6bot_description/environment/path.dsv
-- Up-to-date: /home/itachi/ws/r6bot/install/r6bot_description/share/r6bot_description/local_setup.bash
-- Up-to-date: /home/itachi/ws/r6bot/install/r6bot_description/share/r6bot_description/local_setup.sh
-- Up-to-date: /home/itachi/ws/r6bot/install/r6bot_description/share/r6bot_description/local_setup.zsh
-- Up-to-date: /home/itachi/ws/r6bot/install/r6bot_description/share/r6bot_description/local_setup.dsv
-- Installing: /home/itachi/ws/r6bot/install/r6bot_description/share/r6bot_description/package.dsv
-- Up-to-date: /home/itachi/ws/r6bot/install/r6bot_description/share/ament_index/resource_index/packages/r6bot_description
-- Up-to-date: /home/itachi/ws/r6bot/install/r6bot_description/share/r6bot_description/cmake/r6bot_descriptionConfig.cmake
-- Up-to-date: /home/itachi/ws/r6bot/install/r6bot_description/share/r6bot_description/cmake/r6bot_descriptionConfig-version.cmake
-- Up-to-date: /home/itachi/ws/r6bot/install/r6bot_description/share/r6bot_description/package.xml
