[0.111s] DEBUG:colcon:Command line arguments: ['/usr/bin/colcon', 'list', '-p', '--base-paths', '/home/itachi/ws/r6bot', '--log-base', '/dev/null']
[0.111s] DEBUG:colcon:Parsed command line arguments: Namespace(log_base=None, log_level=None, verb_name='list', build_base='build', ignore_user_meta=False, metas=['./colcon.meta'], base_paths=['/home/itachi/ws/r6bot', '--log-base', '/dev/null'], packages_ignore=None, packages_ignore_regex=None, paths=None, packages_up_to=None, packages_up_to_regex=None, packages_above=None, packages_above_and_dependencies=None, packages_above_depth=None, packages_select_by_dep=None, packages_skip_by_dep=None, packages_skip_up_to=None, packages_select_build_failed=False, packages_skip_build_finished=False, packages_select_test_failures=False, packages_skip_test_passed=False, packages_select=None, packages_skip=None, packages_select_regex=None, packages_skip_regex=None, packages_start=None, packages_end=None, allow_overriding=[], topological_order=False, names_only=False, paths_only=True, topological_graph=False, topological_graph_dot=False, topological_graph_density=False, topological_graph_legend=False, topological_graph_dot_cluster=False, topological_graph_dot_include_skipped=False, mixin_files=None, mixin=None, verb_parser=<colcon_mixin.mixin.mixin_argument.MixinArgumentDecorator object at 0x7314c7482810>, verb_extension=<colcon_package_information.verb.list.ListVerb object at 0x7314c75d1bb0>, main=<bound method ListVerb.main of <colcon_package_information.verb.list.ListVerb object at 0x7314c75d1bb0>>, mixin_verb=('list',))
[0.157s] Level 1:colcon.colcon_core.package_discovery:discover_packages(colcon_meta) check parameters
[0.157s] Level 1:colcon.colcon_core.package_discovery:discover_packages(recursive) check parameters
[0.157s] Level 1:colcon.colcon_core.package_discovery:discover_packages(ignore) check parameters
[0.157s] Level 1:colcon.colcon_core.package_discovery:discover_packages(path) check parameters
[0.157s] Level 1:colcon.colcon_core.package_discovery:discover_packages(recursive) discover
[0.157s] INFO:colcon.colcon_core.package_discovery:Crawling recursively for packages in '/home/itachi/ws/r6bot', '/home/itachi/ws/r6bot/--log-base', '/dev/null'
[0.157s] Level 1:colcon.colcon_core.package_identification:_identify(/home/itachi/ws/r6bot) by extensions ['ignore', 'ignore_ament_install']
[0.158s] Level 1:colcon.colcon_core.package_identification:_identify(/home/itachi/ws/r6bot) by extension 'ignore'
[0.158s] Level 1:colcon.colcon_core.package_identification:_identify(/home/itachi/ws/r6bot) by extension 'ignore_ament_install'
[0.158s] Level 1:colcon.colcon_core.package_identification:_identify(/home/itachi/ws/r6bot) by extensions ['colcon_pkg']
[0.158s] Level 1:colcon.colcon_core.package_identification:_identify(/home/itachi/ws/r6bot) by extension 'colcon_pkg'
[0.158s] Level 1:colcon.colcon_core.package_identification:_identify(/home/itachi/ws/r6bot) by extensions ['colcon_meta']
[0.158s] Level 1:colcon.colcon_core.package_identification:_identify(/home/itachi/ws/r6bot) by extension 'colcon_meta'
[0.158s] Level 1:colcon.colcon_core.package_identification:_identify(/home/itachi/ws/r6bot) by extensions ['ros']
[0.158s] Level 1:colcon.colcon_core.package_identification:_identify(/home/itachi/ws/r6bot) by extension 'ros'
[0.194s] Level 1:colcon.colcon_core.package_identification:_identify(/home/itachi/ws/r6bot) by extensions ['cmake', 'python']
[0.195s] Level 1:colcon.colcon_core.package_identification:_identify(/home/itachi/ws/r6bot) by extension 'cmake'
[0.195s] Level 1:colcon.colcon_core.package_identification:_identify(/home/itachi/ws/r6bot) by extension 'python'
[0.195s] Level 1:colcon.colcon_core.package_identification:_identify(/home/itachi/ws/r6bot) by extensions ['python_setup_py']
[0.195s] Level 1:colcon.colcon_core.package_identification:_identify(/home/itachi/ws/r6bot) by extension 'python_setup_py'
[0.195s] Level 1:colcon.colcon_core.package_identification:_identify(/home/itachi/ws/r6bot/build) by extensions ['ignore', 'ignore_ament_install']
[0.195s] Level 1:colcon.colcon_core.package_identification:_identify(/home/itachi/ws/r6bot/build) by extension 'ignore'
[0.195s] Level 1:colcon.colcon_core.package_identification:_identify(/home/itachi/ws/r6bot/build) ignored
[0.195s] Level 1:colcon.colcon_core.package_identification:_identify(/home/itachi/ws/r6bot/install) by extensions ['ignore', 'ignore_ament_install']
[0.195s] Level 1:colcon.colcon_core.package_identification:_identify(/home/itachi/ws/r6bot/install) by extension 'ignore'
[0.195s] Level 1:colcon.colcon_core.package_identification:_identify(/home/itachi/ws/r6bot/install) ignored
[0.196s] Level 1:colcon.colcon_core.package_identification:_identify(/home/itachi/ws/r6bot/log) by extensions ['ignore', 'ignore_ament_install']
[0.196s] Level 1:colcon.colcon_core.package_identification:_identify(/home/itachi/ws/r6bot/log) by extension 'ignore'
[0.196s] Level 1:colcon.colcon_core.package_identification:_identify(/home/itachi/ws/r6bot/log) ignored
[0.196s] Level 1:colcon.colcon_core.package_identification:_identify(/home/itachi/ws/r6bot/src) by extensions ['ignore', 'ignore_ament_install']
[0.196s] Level 1:colcon.colcon_core.package_identification:_identify(/home/itachi/ws/r6bot/src) by extension 'ignore'
[0.196s] Level 1:colcon.colcon_core.package_identification:_identify(/home/itachi/ws/r6bot/src) by extension 'ignore_ament_install'
[0.196s] Level 1:colcon.colcon_core.package_identification:_identify(/home/itachi/ws/r6bot/src) by extensions ['colcon_pkg']
[0.196s] Level 1:colcon.colcon_core.package_identification:_identify(/home/itachi/ws/r6bot/src) by extension 'colcon_pkg'
[0.196s] Level 1:colcon.colcon_core.package_identification:_identify(/home/itachi/ws/r6bot/src) by extensions ['colcon_meta']
[0.196s] Level 1:colcon.colcon_core.package_identification:_identify(/home/itachi/ws/r6bot/src) by extension 'colcon_meta'
[0.196s] Level 1:colcon.colcon_core.package_identification:_identify(/home/itachi/ws/r6bot/src) by extensions ['ros']
[0.196s] Level 1:colcon.colcon_core.package_identification:_identify(/home/itachi/ws/r6bot/src) by extension 'ros'
[0.196s] Level 1:colcon.colcon_core.package_identification:_identify(/home/itachi/ws/r6bot/src) by extensions ['cmake', 'python']
[0.196s] Level 1:colcon.colcon_core.package_identification:_identify(/home/itachi/ws/r6bot/src) by extension 'cmake'
[0.196s] Level 1:colcon.colcon_core.package_identification:_identify(/home/itachi/ws/r6bot/src) by extension 'python'
[0.197s] Level 1:colcon.colcon_core.package_identification:_identify(/home/itachi/ws/r6bot/src) by extensions ['python_setup_py']
[0.197s] Level 1:colcon.colcon_core.package_identification:_identify(/home/itachi/ws/r6bot/src) by extension 'python_setup_py'
[0.197s] Level 1:colcon.colcon_core.package_identification:_identify(/home/itachi/ws/r6bot/src/my_trajectory) by extensions ['ignore', 'ignore_ament_install']
[0.197s] Level 1:colcon.colcon_core.package_identification:_identify(/home/itachi/ws/r6bot/src/my_trajectory) by extension 'ignore'
[0.197s] Level 1:colcon.colcon_core.package_identification:_identify(/home/itachi/ws/r6bot/src/my_trajectory) by extension 'ignore_ament_install'
[0.197s] Level 1:colcon.colcon_core.package_identification:_identify(/home/itachi/ws/r6bot/src/my_trajectory) by extensions ['colcon_pkg']
[0.197s] Level 1:colcon.colcon_core.package_identification:_identify(/home/itachi/ws/r6bot/src/my_trajectory) by extension 'colcon_pkg'
[0.197s] Level 1:colcon.colcon_core.package_identification:_identify(/home/itachi/ws/r6bot/src/my_trajectory) by extensions ['colcon_meta']
[0.197s] Level 1:colcon.colcon_core.package_identification:_identify(/home/itachi/ws/r6bot/src/my_trajectory) by extension 'colcon_meta'
[0.197s] Level 1:colcon.colcon_core.package_identification:_identify(/home/itachi/ws/r6bot/src/my_trajectory) by extensions ['ros']
[0.197s] Level 1:colcon.colcon_core.package_identification:_identify(/home/itachi/ws/r6bot/src/my_trajectory) by extension 'ros'
[0.201s] DEBUG:colcon.colcon_core.package_identification:Package '/home/itachi/ws/r6bot/src/my_trajectory' with type 'ros.ament_python' and name 'my_trajectory'
[0.201s] Level 1:colcon.colcon_core.package_identification:_identify(/home/itachi/ws/r6bot/src/r6bot_description) by extensions ['ignore', 'ignore_ament_install']
[0.202s] Level 1:colcon.colcon_core.package_identification:_identify(/home/itachi/ws/r6bot/src/r6bot_description) by extension 'ignore'
[0.202s] Level 1:colcon.colcon_core.package_identification:_identify(/home/itachi/ws/r6bot/src/r6bot_description) by extension 'ignore_ament_install'
[0.202s] Level 1:colcon.colcon_core.package_identification:_identify(/home/itachi/ws/r6bot/src/r6bot_description) by extensions ['colcon_pkg']
[0.202s] Level 1:colcon.colcon_core.package_identification:_identify(/home/itachi/ws/r6bot/src/r6bot_description) by extension 'colcon_pkg'
[0.202s] Level 1:colcon.colcon_core.package_identification:_identify(/home/itachi/ws/r6bot/src/r6bot_description) by extensions ['colcon_meta']
[0.202s] Level 1:colcon.colcon_core.package_identification:_identify(/home/itachi/ws/r6bot/src/r6bot_description) by extension 'colcon_meta'
[0.202s] Level 1:colcon.colcon_core.package_identification:_identify(/home/itachi/ws/r6bot/src/r6bot_description) by extensions ['ros']
[0.202s] Level 1:colcon.colcon_core.package_identification:_identify(/home/itachi/ws/r6bot/src/r6bot_description) by extension 'ros'
[0.203s] DEBUG:colcon.colcon_core.package_identification:Package '/home/itachi/ws/r6bot/src/r6bot_description' with type 'ros.ament_cmake' and name 'r6bot_description'
[0.203s] Level 1:colcon.colcon_core.package_discovery:discover_packages(recursive) using defaults
