[0.126s] DEBUG:colcon:Command line arguments: ['/usr/bin/colcon', 'build']
[0.126s] DEBUG:colcon:Parsed command line arguments: Namespace(log_base=None, log_level=None, verb_name='build', build_base='build', install_base='install', merge_install=False, symlink_install=False, test_result_base=None, continue_on_error=False, executor='parallel', parallel_workers=12, event_handlers=None, ignore_user_meta=False, metas=['./colcon.meta'], base_paths=['.'], packages_ignore=None, packages_ignore_regex=None, paths=None, packages_up_to=None, packages_up_to_regex=None, packages_above=None, packages_above_and_dependencies=None, packages_above_depth=None, packages_select_by_dep=None, packages_skip_by_dep=None, packages_skip_up_to=None, packages_select_build_failed=False, packages_skip_build_finished=False, packages_select_test_failures=False, packages_skip_test_passed=False, packages_select=None, packages_skip=None, packages_select_regex=None, packages_skip_regex=None, packages_start=None, packages_end=None, allow_overriding=[], cmake_args=None, cmake_target=None, cmake_target_skip_unavailable=False, cmake_clean_cache=False, cmake_clean_first=False, cmake_force_configure=False, ament_cmake_args=None, catkin_cmake_args=None, catkin_skip_building_tests=False, mixin_files=None, mixin=None, verb_parser=<colcon_mixin.mixin.mixin_argument.MixinArgumentDecorator object at 0x75d2a84b5520>, verb_extension=<colcon_core.verb.build.BuildVerb object at 0x75d2a843bf50>, main=<bound method BuildVerb.main of <colcon_core.verb.build.BuildVerb object at 0x75d2a843bf50>>, mixin_verb=('build',))
[0.156s] Level 1:colcon.colcon_core.package_discovery:discover_packages(colcon_meta) check parameters
[0.156s] Level 1:colcon.colcon_core.package_discovery:discover_packages(recursive) check parameters
[0.156s] Level 1:colcon.colcon_core.package_discovery:discover_packages(ignore) check parameters
[0.156s] Level 1:colcon.colcon_core.package_discovery:discover_packages(path) check parameters
[0.156s] Level 1:colcon.colcon_core.package_discovery:discover_packages(colcon_meta) discover
[0.156s] Level 1:colcon.colcon_core.package_discovery:discover_packages(recursive) discover
[0.156s] INFO:colcon.colcon_core.package_discovery:Crawling recursively for packages in '/home/itachi/ws/r6bot'
[0.156s] Level 1:colcon.colcon_core.package_identification:_identify(.) by extensions ['ignore', 'ignore_ament_install']
[0.156s] Level 1:colcon.colcon_core.package_identification:_identify(.) by extension 'ignore'
[0.156s] Level 1:colcon.colcon_core.package_identification:_identify(.) by extension 'ignore_ament_install'
[0.156s] Level 1:colcon.colcon_core.package_identification:_identify(.) by extensions ['colcon_pkg']
[0.156s] Level 1:colcon.colcon_core.package_identification:_identify(.) by extension 'colcon_pkg'
[0.156s] Level 1:colcon.colcon_core.package_identification:_identify(.) by extensions ['colcon_meta']
[0.156s] Level 1:colcon.colcon_core.package_identification:_identify(.) by extension 'colcon_meta'
[0.156s] Level 1:colcon.colcon_core.package_identification:_identify(.) by extensions ['ros']
[0.156s] Level 1:colcon.colcon_core.package_identification:_identify(.) by extension 'ros'
[0.175s] Level 1:colcon.colcon_core.package_identification:_identify(.) by extensions ['cmake', 'python']
[0.175s] Level 1:colcon.colcon_core.package_identification:_identify(.) by extension 'cmake'
[0.175s] Level 1:colcon.colcon_core.package_identification:_identify(.) by extension 'python'
[0.175s] Level 1:colcon.colcon_core.package_identification:_identify(.) by extensions ['python_setup_py']
[0.175s] Level 1:colcon.colcon_core.package_identification:_identify(.) by extension 'python_setup_py'
[0.175s] Level 1:colcon.colcon_core.package_identification:_identify(build) by extensions ['ignore', 'ignore_ament_install']
[0.175s] Level 1:colcon.colcon_core.package_identification:_identify(build) by extension 'ignore'
[0.175s] Level 1:colcon.colcon_core.package_identification:_identify(build) ignored
[0.176s] Level 1:colcon.colcon_core.package_identification:_identify(install) by extensions ['ignore', 'ignore_ament_install']
[0.176s] Level 1:colcon.colcon_core.package_identification:_identify(install) by extension 'ignore'
[0.176s] Level 1:colcon.colcon_core.package_identification:_identify(install) ignored
[0.176s] Level 1:colcon.colcon_core.package_identification:_identify(log) by extensions ['ignore', 'ignore_ament_install']
[0.176s] Level 1:colcon.colcon_core.package_identification:_identify(log) by extension 'ignore'
[0.176s] Level 1:colcon.colcon_core.package_identification:_identify(log) ignored
[0.176s] Level 1:colcon.colcon_core.package_identification:_identify(src) by extensions ['ignore', 'ignore_ament_install']
[0.176s] Level 1:colcon.colcon_core.package_identification:_identify(src) by extension 'ignore'
[0.176s] Level 1:colcon.colcon_core.package_identification:_identify(src) by extension 'ignore_ament_install'
[0.176s] Level 1:colcon.colcon_core.package_identification:_identify(src) by extensions ['colcon_pkg']
[0.176s] Level 1:colcon.colcon_core.package_identification:_identify(src) by extension 'colcon_pkg'
[0.176s] Level 1:colcon.colcon_core.package_identification:_identify(src) by extensions ['colcon_meta']
[0.176s] Level 1:colcon.colcon_core.package_identification:_identify(src) by extension 'colcon_meta'
[0.176s] Level 1:colcon.colcon_core.package_identification:_identify(src) by extensions ['ros']
[0.176s] Level 1:colcon.colcon_core.package_identification:_identify(src) by extension 'ros'
[0.176s] Level 1:colcon.colcon_core.package_identification:_identify(src) by extensions ['cmake', 'python']
[0.176s] Level 1:colcon.colcon_core.package_identification:_identify(src) by extension 'cmake'
[0.176s] Level 1:colcon.colcon_core.package_identification:_identify(src) by extension 'python'
[0.176s] Level 1:colcon.colcon_core.package_identification:_identify(src) by extensions ['python_setup_py']
[0.176s] Level 1:colcon.colcon_core.package_identification:_identify(src) by extension 'python_setup_py'
[0.176s] Level 1:colcon.colcon_core.package_identification:_identify(src/r6bot_description) by extensions ['ignore', 'ignore_ament_install']
[0.176s] Level 1:colcon.colcon_core.package_identification:_identify(src/r6bot_description) by extension 'ignore'
[0.176s] Level 1:colcon.colcon_core.package_identification:_identify(src/r6bot_description) by extension 'ignore_ament_install'
[0.176s] Level 1:colcon.colcon_core.package_identification:_identify(src/r6bot_description) by extensions ['colcon_pkg']
[0.176s] Level 1:colcon.colcon_core.package_identification:_identify(src/r6bot_description) by extension 'colcon_pkg'
[0.176s] Level 1:colcon.colcon_core.package_identification:_identify(src/r6bot_description) by extensions ['colcon_meta']
[0.176s] Level 1:colcon.colcon_core.package_identification:_identify(src/r6bot_description) by extension 'colcon_meta'
[0.177s] Level 1:colcon.colcon_core.package_identification:_identify(src/r6bot_description) by extensions ['ros']
[0.177s] Level 1:colcon.colcon_core.package_identification:_identify(src/r6bot_description) by extension 'ros'
[0.178s] DEBUG:colcon.colcon_core.package_identification:Package 'src/r6bot_description' with type 'ros.ament_cmake' and name 'r6bot_description'
[0.178s] Level 1:colcon.colcon_core.package_discovery:discover_packages(recursive) using defaults
[0.178s] Level 1:colcon.colcon_core.package_discovery:discover_packages(ignore) discover
[0.178s] Level 1:colcon.colcon_core.package_discovery:discover_packages(ignore) using defaults
[0.178s] Level 1:colcon.colcon_core.package_discovery:discover_packages(path) discover
[0.178s] Level 1:colcon.colcon_core.package_discovery:discover_packages(path) using defaults
[0.191s] Level 1:colcon.colcon_core.package_discovery:discover_packages(prefix_path) check parameters
[0.191s] Level 1:colcon.colcon_core.package_discovery:discover_packages(prefix_path) discover
[0.192s] DEBUG:colcon.colcon_installed_package_information.package_discovery:Found 1 installed packages in /home/itachi/ws/r6bot/install
[0.193s] DEBUG:colcon.colcon_installed_package_information.package_discovery:Found 2 installed packages in /home/itachi/ws/darm_ws/install
[0.194s] DEBUG:colcon.colcon_installed_package_information.package_discovery:Found 375 installed packages in /opt/ros/jazzy
[0.194s] Level 1:colcon.colcon_core.package_discovery:discover_packages(prefix_path) using defaults
[0.229s] Level 5:colcon.colcon_core.verb:set package 'r6bot_description' build argument 'cmake_args' from command line to 'None'
[0.229s] Level 5:colcon.colcon_core.verb:set package 'r6bot_description' build argument 'cmake_target' from command line to 'None'
[0.229s] Level 5:colcon.colcon_core.verb:set package 'r6bot_description' build argument 'cmake_target_skip_unavailable' from command line to 'False'
[0.229s] Level 5:colcon.colcon_core.verb:set package 'r6bot_description' build argument 'cmake_clean_cache' from command line to 'False'
[0.229s] Level 5:colcon.colcon_core.verb:set package 'r6bot_description' build argument 'cmake_clean_first' from command line to 'False'
[0.229s] Level 5:colcon.colcon_core.verb:set package 'r6bot_description' build argument 'cmake_force_configure' from command line to 'False'
[0.229s] Level 5:colcon.colcon_core.verb:set package 'r6bot_description' build argument 'ament_cmake_args' from command line to 'None'
[0.229s] Level 5:colcon.colcon_core.verb:set package 'r6bot_description' build argument 'catkin_cmake_args' from command line to 'None'
[0.229s] Level 5:colcon.colcon_core.verb:set package 'r6bot_description' build argument 'catkin_skip_building_tests' from command line to 'False'
[0.229s] DEBUG:colcon.colcon_core.verb:Building package 'r6bot_description' with the following arguments: {'ament_cmake_args': None, 'build_base': '/home/itachi/ws/r6bot/build/r6bot_description', 'catkin_cmake_args': None, 'catkin_skip_building_tests': False, 'cmake_args': None, 'cmake_clean_cache': False, 'cmake_clean_first': False, 'cmake_force_configure': False, 'cmake_target': None, 'cmake_target_skip_unavailable': False, 'install_base': '/home/itachi/ws/r6bot/install/r6bot_description', 'merge_install': False, 'path': '/home/itachi/ws/r6bot/src/r6bot_description', 'symlink_install': False, 'test_result_base': None}
[0.229s] INFO:colcon.colcon_core.executor:Executing jobs using 'parallel' executor
[0.230s] DEBUG:colcon.colcon_parallel_executor.executor.parallel:run_until_complete
[0.230s] INFO:colcon.colcon_ros.task.ament_cmake.build:Building ROS package in '/home/itachi/ws/r6bot/src/r6bot_description' with build type 'ament_cmake'
[0.230s] INFO:colcon.colcon_cmake.task.cmake.build:Building CMake package in '/home/itachi/ws/r6bot/src/r6bot_description'
[0.232s] INFO:colcon.colcon_core.plugin_system:Skipping extension 'colcon_core.shell.bat': Not used on non-Windows systems
[0.232s] INFO:colcon.colcon_core.shell:Skip shell extension 'powershell' for command environment: Not usable outside of PowerShell
[0.232s] DEBUG:colcon.colcon_core.shell:Skip shell extension 'dsv' for command environment
[0.239s] DEBUG:colcon.colcon_core.event_handler.log_command:Invoking command in '/home/itachi/ws/r6bot/build/r6bot_description': CMAKE_PREFIX_PATH=${CMAKE_PREFIX_PATH}:/opt/ros/jazzy DEBUGINFOD_URLS=https://debuginfod.ubuntu.com /usr/bin/cmake --build /home/itachi/ws/r6bot/build/r6bot_description -- -j12 -l12
[0.268s] DEBUG:colcon.colcon_core.event_handler.log_command:Invoked command in '/home/itachi/ws/r6bot/build/r6bot_description' returned '0': CMAKE_PREFIX_PATH=${CMAKE_PREFIX_PATH}:/opt/ros/jazzy DEBUGINFOD_URLS=https://debuginfod.ubuntu.com /usr/bin/cmake --build /home/itachi/ws/r6bot/build/r6bot_description -- -j12 -l12
[0.276s] DEBUG:colcon.colcon_core.event_handler.log_command:Invoking command in '/home/itachi/ws/r6bot/build/r6bot_description': CMAKE_PREFIX_PATH=${CMAKE_PREFIX_PATH}:/opt/ros/jazzy DEBUGINFOD_URLS=https://debuginfod.ubuntu.com /usr/bin/cmake --install /home/itachi/ws/r6bot/build/r6bot_description
[0.284s] Level 1:colcon.colcon_core.environment:create_environment_scripts_only(r6bot_description)
[0.285s] DEBUG:colcon.colcon_core.event_handler.log_command:Invoked command in '/home/itachi/ws/r6bot/build/r6bot_description' returned '0': CMAKE_PREFIX_PATH=${CMAKE_PREFIX_PATH}:/opt/ros/jazzy DEBUGINFOD_URLS=https://debuginfod.ubuntu.com /usr/bin/cmake --install /home/itachi/ws/r6bot/build/r6bot_description
[0.286s] Level 1:colcon.colcon_core.environment:checking '/home/itachi/ws/r6bot/install/r6bot_description' for CMake module files
[0.287s] Level 1:colcon.colcon_core.environment:checking '/home/itachi/ws/r6bot/install/r6bot_description' for CMake config files
[0.287s] Level 1:colcon.colcon_core.shell:create_environment_hook('r6bot_description', 'cmake_prefix_path')
[0.287s] INFO:colcon.colcon_core.shell:Creating environment hook '/home/itachi/ws/r6bot/install/r6bot_description/share/r6bot_description/hook/cmake_prefix_path.ps1'
[0.288s] INFO:colcon.colcon_core.shell:Creating environment descriptor '/home/itachi/ws/r6bot/install/r6bot_description/share/r6bot_description/hook/cmake_prefix_path.dsv'
[0.288s] INFO:colcon.colcon_core.shell:Creating environment hook '/home/itachi/ws/r6bot/install/r6bot_description/share/r6bot_description/hook/cmake_prefix_path.sh'
[0.288s] Level 1:colcon.colcon_core.environment:checking '/home/itachi/ws/r6bot/install/r6bot_description/bin'
[0.289s] Level 1:colcon.colcon_core.environment:checking '/home/itachi/ws/r6bot/install/r6bot_description/lib/pkgconfig/r6bot_description.pc'
[0.289s] Level 1:colcon.colcon_core.environment:checking '/home/itachi/ws/r6bot/install/r6bot_description/lib/python3.12/site-packages'
[0.289s] Level 1:colcon.colcon_core.environment:checking '/home/itachi/ws/r6bot/install/r6bot_description/bin'
[0.289s] INFO:colcon.colcon_core.shell:Creating package script '/home/itachi/ws/r6bot/install/r6bot_description/share/r6bot_description/package.ps1'
[0.290s] INFO:colcon.colcon_core.shell:Creating package descriptor '/home/itachi/ws/r6bot/install/r6bot_description/share/r6bot_description/package.dsv'
[0.290s] INFO:colcon.colcon_core.shell:Creating package script '/home/itachi/ws/r6bot/install/r6bot_description/share/r6bot_description/package.sh'
[0.290s] INFO:colcon.colcon_core.shell:Creating package script '/home/itachi/ws/r6bot/install/r6bot_description/share/r6bot_description/package.bash'
[0.291s] INFO:colcon.colcon_core.shell:Creating package script '/home/itachi/ws/r6bot/install/r6bot_description/share/r6bot_description/package.zsh'
[0.291s] Level 1:colcon.colcon_core.environment:create_file_with_runtime_dependencies(/home/itachi/ws/r6bot/install/r6bot_description/share/colcon-core/packages/r6bot_description)
[0.291s] Level 1:colcon.colcon_core.environment:create_environment_scripts_only(r6bot_description)
[0.291s] Level 1:colcon.colcon_core.environment:checking '/home/itachi/ws/r6bot/install/r6bot_description' for CMake module files
[0.292s] Level 1:colcon.colcon_core.environment:checking '/home/itachi/ws/r6bot/install/r6bot_description' for CMake config files
[0.292s] Level 1:colcon.colcon_core.shell:create_environment_hook('r6bot_description', 'cmake_prefix_path')
[0.292s] INFO:colcon.colcon_core.shell:Creating environment hook '/home/itachi/ws/r6bot/install/r6bot_description/share/r6bot_description/hook/cmake_prefix_path.ps1'
[0.292s] INFO:colcon.colcon_core.shell:Creating environment descriptor '/home/itachi/ws/r6bot/install/r6bot_description/share/r6bot_description/hook/cmake_prefix_path.dsv'
[0.293s] INFO:colcon.colcon_core.shell:Creating environment hook '/home/itachi/ws/r6bot/install/r6bot_description/share/r6bot_description/hook/cmake_prefix_path.sh'
[0.293s] Level 1:colcon.colcon_core.environment:checking '/home/itachi/ws/r6bot/install/r6bot_description/bin'
[0.293s] Level 1:colcon.colcon_core.environment:checking '/home/itachi/ws/r6bot/install/r6bot_description/lib/pkgconfig/r6bot_description.pc'
[0.293s] Level 1:colcon.colcon_core.environment:checking '/home/itachi/ws/r6bot/install/r6bot_description/lib/python3.12/site-packages'
[0.293s] Level 1:colcon.colcon_core.environment:checking '/home/itachi/ws/r6bot/install/r6bot_description/bin'
[0.293s] INFO:colcon.colcon_core.shell:Creating package script '/home/itachi/ws/r6bot/install/r6bot_description/share/r6bot_description/package.ps1'
[0.294s] INFO:colcon.colcon_core.shell:Creating package descriptor '/home/itachi/ws/r6bot/install/r6bot_description/share/r6bot_description/package.dsv'
[0.294s] INFO:colcon.colcon_core.shell:Creating package script '/home/itachi/ws/r6bot/install/r6bot_description/share/r6bot_description/package.sh'
[0.294s] INFO:colcon.colcon_core.shell:Creating package script '/home/itachi/ws/r6bot/install/r6bot_description/share/r6bot_description/package.bash'
[0.295s] INFO:colcon.colcon_core.shell:Creating package script '/home/itachi/ws/r6bot/install/r6bot_description/share/r6bot_description/package.zsh'
[0.295s] Level 1:colcon.colcon_core.environment:create_file_with_runtime_dependencies(/home/itachi/ws/r6bot/install/r6bot_description/share/colcon-core/packages/r6bot_description)
[0.295s] DEBUG:colcon.colcon_parallel_executor.executor.parallel:closing loop
[0.295s] DEBUG:colcon.colcon_parallel_executor.executor.parallel:loop closed
[0.295s] DEBUG:colcon.colcon_parallel_executor.executor.parallel:run_until_complete finished with '0'
[0.295s] DEBUG:colcon.colcon_core.event_reactor:joining thread
[0.299s] INFO:colcon.colcon_core.plugin_system:Skipping extension 'colcon_notification.desktop_notification.terminal_notifier': Not used on non-Darwin systems
[0.299s] INFO:colcon.colcon_core.plugin_system:Skipping extension 'colcon_notification.desktop_notification.win32': Not used on non-Windows systems
[0.299s] INFO:colcon.colcon_notification.desktop_notification:Sending desktop notification using 'notify2'
[0.309s] DEBUG:colcon.colcon_core.event_reactor:joined thread
[0.309s] INFO:colcon.colcon_core.shell:Creating prefix script '/home/itachi/ws/r6bot/install/local_setup.ps1'
[0.310s] INFO:colcon.colcon_core.shell:Creating prefix util module '/home/itachi/ws/r6bot/install/_local_setup_util_ps1.py'
[0.311s] INFO:colcon.colcon_core.shell:Creating prefix chain script '/home/itachi/ws/r6bot/install/setup.ps1'
[0.311s] INFO:colcon.colcon_core.shell:Creating prefix script '/home/itachi/ws/r6bot/install/local_setup.sh'
[0.312s] INFO:colcon.colcon_core.shell:Creating prefix util module '/home/itachi/ws/r6bot/install/_local_setup_util_sh.py'
[0.312s] INFO:colcon.colcon_core.shell:Creating prefix chain script '/home/itachi/ws/r6bot/install/setup.sh'
[0.313s] INFO:colcon.colcon_core.shell:Creating prefix script '/home/itachi/ws/r6bot/install/local_setup.bash'
[0.313s] INFO:colcon.colcon_core.shell:Creating prefix chain script '/home/itachi/ws/r6bot/install/setup.bash'
[0.313s] INFO:colcon.colcon_core.shell:Creating prefix script '/home/itachi/ws/r6bot/install/local_setup.zsh'
[0.314s] INFO:colcon.colcon_core.shell:Creating prefix chain script '/home/itachi/ws/r6bot/install/setup.zsh'
